[2025-04-07 17:10:43Z INFO HostContext] No proxy settings were found based on environmental variables (http_proxy/https_proxy/HTTP_PROXY/HTTPS_PROXY)
[2025-04-07 17:10:43Z INFO HostContext] Well known directory 'Bin': 'C:\Pipeline\sensor-pipeline\data-pipeline-ci-cd\actions-runner\bin'
[2025-04-07 17:10:43Z INFO HostContext] Well known directory 'Root': 'C:\Pipeline\sensor-pipeline\data-pipeline-ci-cd\actions-runner'
[2025-04-07 17:10:43Z INFO HostContext] Well known config file 'Credentials': 'C:\Pipeline\sensor-pipeline\data-pipeline-ci-cd\actions-runner\.credentials'
[2025-04-07 17:10:43Z INFO HostContext] Well known directory 'Bin': 'C:\Pipeline\sensor-pipeline\data-pipeline-ci-cd\actions-runner\bin'
[2025-04-07 17:10:43Z INFO HostContext] Well known directory 'Root': 'C:\Pipeline\sensor-pipeline\data-pipeline-ci-cd\actions-runner'
[2025-04-07 17:10:43Z INFO HostContext] Well known config file 'Runner': 'C:\Pipeline\sensor-pipeline\data-pipeline-ci-cd\actions-runner\.runner'
[2025-04-07 17:10:43Z INFO Listener] Runner is built for Windows (X64) - win-x64.
[2025-04-07 17:10:43Z INFO Listener] RuntimeInformation: Microsoft Windows 10.0.26100.
[2025-04-07 17:10:43Z INFO Listener] Version: 2.323.0
[2025-04-07 17:10:43Z INFO Listener] Commit: d8b82f44a9ec0258904d5869ae683c31d5aac299
[2025-04-07 17:10:43Z INFO Listener] Culture: en-DE
[2025-04-07 17:10:43Z INFO Listener] UI Culture: en-US
[2025-04-07 17:10:43Z INFO HostContext] Well known directory 'Bin': 'C:\Pipeline\sensor-pipeline\data-pipeline-ci-cd\actions-runner\bin'
[2025-04-07 17:10:43Z INFO HostContext] Well known directory 'Root': 'C:\Pipeline\sensor-pipeline\data-pipeline-ci-cd\actions-runner'
[2025-04-07 17:10:43Z INFO Listener] Validating directory permissions for: 'C:\Pipeline\sensor-pipeline\data-pipeline-ci-cd\actions-runner'
[2025-04-07 17:10:43Z INFO CommandLineParser] Parse
[2025-04-07 17:10:43Z INFO CommandLineParser] Parsing 1 args
[2025-04-07 17:10:43Z INFO CommandLineParser] parsing argument
[2025-04-07 17:10:43Z INFO CommandLineParser] HasArgs: False
[2025-04-07 17:10:43Z INFO CommandLineParser] Adding Command: run
[2025-04-07 17:10:43Z INFO Listener] Arguments parsed
[2025-04-07 17:10:43Z INFO Runner] ExecuteCommand
[2025-04-07 17:10:43Z INFO ConfigurationStore] currentAssemblyLocation: C:\Pipeline\sensor-pipeline\data-pipeline-ci-cd\actions-runner\bin\Runner.Listener.dll
[2025-04-07 17:10:43Z INFO HostContext] Well known directory 'Bin': 'C:\Pipeline\sensor-pipeline\data-pipeline-ci-cd\actions-runner\bin'
[2025-04-07 17:10:43Z INFO ConfigurationStore] binPath: C:\Pipeline\sensor-pipeline\data-pipeline-ci-cd\actions-runner\bin
[2025-04-07 17:10:43Z INFO HostContext] Well known directory 'Bin': 'C:\Pipeline\sensor-pipeline\data-pipeline-ci-cd\actions-runner\bin'
[2025-04-07 17:10:43Z INFO HostContext] Well known directory 'Root': 'C:\Pipeline\sensor-pipeline\data-pipeline-ci-cd\actions-runner'
[2025-04-07 17:10:43Z INFO ConfigurationStore] RootFolder: C:\Pipeline\sensor-pipeline\data-pipeline-ci-cd\actions-runner
[2025-04-07 17:10:43Z INFO HostContext] Well known directory 'Bin': 'C:\Pipeline\sensor-pipeline\data-pipeline-ci-cd\actions-runner\bin'
[2025-04-07 17:10:43Z INFO HostContext] Well known directory 'Root': 'C:\Pipeline\sensor-pipeline\data-pipeline-ci-cd\actions-runner'
[2025-04-07 17:10:43Z INFO HostContext] Well known config file 'Runner': 'C:\Pipeline\sensor-pipeline\data-pipeline-ci-cd\actions-runner\.runner'
[2025-04-07 17:10:43Z INFO ConfigurationStore] ConfigFilePath: C:\Pipeline\sensor-pipeline\data-pipeline-ci-cd\actions-runner\.runner
[2025-04-07 17:10:43Z INFO HostContext] Well known directory 'Bin': 'C:\Pipeline\sensor-pipeline\data-pipeline-ci-cd\actions-runner\bin'
[2025-04-07 17:10:43Z INFO HostContext] Well known directory 'Root': 'C:\Pipeline\sensor-pipeline\data-pipeline-ci-cd\actions-runner'
[2025-04-07 17:10:43Z INFO HostContext] Well known config file 'MigratedRunner': 'C:\Pipeline\sensor-pipeline\data-pipeline-ci-cd\actions-runner\.runner_migrated'
[2025-04-07 17:10:43Z INFO ConfigurationStore] MigratedConfigFilePath: C:\Pipeline\sensor-pipeline\data-pipeline-ci-cd\actions-runner\.runner_migrated
[2025-04-07 17:10:43Z INFO HostContext] Well known directory 'Bin': 'C:\Pipeline\sensor-pipeline\data-pipeline-ci-cd\actions-runner\bin'
[2025-04-07 17:10:43Z INFO HostContext] Well known directory 'Root': 'C:\Pipeline\sensor-pipeline\data-pipeline-ci-cd\actions-runner'
[2025-04-07 17:10:43Z INFO HostContext] Well known config file 'Credentials': 'C:\Pipeline\sensor-pipeline\data-pipeline-ci-cd\actions-runner\.credentials'
[2025-04-07 17:10:43Z INFO ConfigurationStore] CredFilePath: C:\Pipeline\sensor-pipeline\data-pipeline-ci-cd\actions-runner\.credentials
[2025-04-07 17:10:43Z INFO HostContext] Well known directory 'Bin': 'C:\Pipeline\sensor-pipeline\data-pipeline-ci-cd\actions-runner\bin'
[2025-04-07 17:10:43Z INFO HostContext] Well known directory 'Root': 'C:\Pipeline\sensor-pipeline\data-pipeline-ci-cd\actions-runner'
[2025-04-07 17:10:43Z INFO HostContext] Well known config file 'MigratedCredentials': 'C:\Pipeline\sensor-pipeline\data-pipeline-ci-cd\actions-runner\.credentials_migrated'
[2025-04-07 17:10:43Z INFO ConfigurationStore] MigratedCredFilePath: C:\Pipeline\sensor-pipeline\data-pipeline-ci-cd\actions-runner\.credentials_migrated
[2025-04-07 17:10:43Z INFO HostContext] Well known directory 'Bin': 'C:\Pipeline\sensor-pipeline\data-pipeline-ci-cd\actions-runner\bin'
[2025-04-07 17:10:43Z INFO HostContext] Well known directory 'Root': 'C:\Pipeline\sensor-pipeline\data-pipeline-ci-cd\actions-runner'
[2025-04-07 17:10:43Z INFO HostContext] Well known config file 'Service': 'C:\Pipeline\sensor-pipeline\data-pipeline-ci-cd\actions-runner\.service'
[2025-04-07 17:10:43Z INFO ConfigurationStore] ServiceConfigFilePath: C:\Pipeline\sensor-pipeline\data-pipeline-ci-cd\actions-runner\.service
[2025-04-07 17:10:43Z INFO CommandSettings] Flag 'help': 'False'
[2025-04-07 17:10:43Z INFO CommandSettings] Flag 'version': 'False'
[2025-04-07 17:10:43Z INFO CommandSettings] Flag 'commit': 'False'
[2025-04-07 17:10:43Z INFO CommandSettings] Flag 'check': 'False'
[2025-04-07 17:10:43Z INFO CommandSettings] Command 'configure': 'False'
[2025-04-07 17:10:43Z INFO CommandSettings] Command 'remove': 'False'
[2025-04-07 17:10:43Z INFO CommandSettings] Command 'warmup': 'False'
[2025-04-07 17:10:43Z INFO ConfigurationManager] LoadSettings
[2025-04-07 17:10:43Z INFO ConfigurationStore] IsConfigured()
[2025-04-07 17:10:43Z INFO ConfigurationStore] IsConfigured: True
[2025-04-07 17:10:43Z INFO ConfigurationManager] Is configured: True
[2025-04-07 17:10:43Z INFO ConfigurationStore] Read setting file: 328 chars
[2025-04-07 17:10:43Z INFO ConfigurationManager] Settings Loaded
[2025-04-07 17:10:43Z INFO ConfigurationStore] IsServiceConfigured()
[2025-04-07 17:10:43Z INFO ConfigurationStore] IsServiceConfigured: False
[2025-04-07 17:10:43Z INFO CommandSettings] Command 'run': 'True'
[2025-04-07 17:10:43Z INFO ConfigurationStore] IsConfigured()
[2025-04-07 17:10:43Z INFO ConfigurationStore] IsConfigured: True
[2025-04-07 17:10:43Z INFO ConfigurationManager] Is configured: True
[2025-04-07 17:10:43Z INFO Runner] Could not parse the argument value '' for StartupType. Defaulting to Manual
[2025-04-07 17:10:43Z INFO Runner] Set runner startup type - Manual
[2025-04-07 17:10:43Z INFO CommandSettings] Flag 'once': 'False'
[2025-04-07 17:10:43Z INFO CommandSettings] Flag 'once': 'False'
[2025-04-07 17:10:43Z INFO Runner] RunAsync
[2025-04-07 17:10:43Z INFO ConfigurationManager] LoadSettings
[2025-04-07 17:10:43Z INFO ConfigurationStore] IsConfigured()
[2025-04-07 17:10:43Z INFO ConfigurationStore] IsConfigured: True
[2025-04-07 17:10:43Z INFO ConfigurationManager] Is configured: True
[2025-04-07 17:10:43Z INFO ConfigurationManager] Settings Loaded
[2025-04-07 17:10:43Z INFO MessageListener] {
  "AgentId": 21,
  "AgentName": "windows",
  "PoolId": 1,
  "PoolName": "Default",
  "ServerUrl": "https://pipelinesghubeus3.actions.githubusercontent.com/Ag462KY6NVPWtJkkLji9Y1lWVu9wIOdjtQXCwX7TkMFcZqSJiR/",
  "GitHubUrl": "https://github.com/vaishu1-sree/data-pipeline-ci-cd",
  "WorkFolder": "data-pipeline-ci-cd"
}
[2025-04-07 17:10:43Z INFO MessageListener] Loading Credentials
[2025-04-07 17:10:43Z INFO ConfigurationStore] HasCredentials()
[2025-04-07 17:10:43Z INFO ConfigurationStore] stored True
[2025-04-07 17:10:43Z INFO CredentialManager] GetCredentialProvider
[2025-04-07 17:10:43Z INFO CredentialManager] Creating type OAuth
[2025-04-07 17:10:43Z INFO CredentialManager] Creating credential type: OAuth
[2025-04-07 17:10:43Z INFO HostContext] Well known directory 'Bin': 'C:\Pipeline\sensor-pipeline\data-pipeline-ci-cd\actions-runner\bin'
[2025-04-07 17:10:43Z INFO HostContext] Well known directory 'Root': 'C:\Pipeline\sensor-pipeline\data-pipeline-ci-cd\actions-runner'
[2025-04-07 17:10:43Z INFO HostContext] Well known config file 'RSACredentials': 'C:\Pipeline\sensor-pipeline\data-pipeline-ci-cd\actions-runner\.credentials_rsaparams'
[2025-04-07 17:10:43Z INFO RSAEncryptedFileKeyManager] Loading RSA key parameters from file C:\Pipeline\sensor-pipeline\data-pipeline-ci-cd\actions-runner\.credentials_rsaparams
[2025-04-07 17:10:43Z INFO MessageListener] Attempt to create session.
[2025-04-07 17:10:43Z INFO MessageListener] Connecting to the Runner Server...
[2025-04-07 17:10:43Z INFO RunnerServer] EstablishVssConnection
[2025-04-07 17:10:43Z INFO RunnerServer] Establish connection with 100 seconds timeout.
[2025-04-07 17:10:43Z INFO GitHubActionsService] Starting operation Location.GetConnectionData
[2025-04-07 17:10:43Z INFO RunnerServer] EstablishVssConnection
[2025-04-07 17:10:43Z INFO RunnerServer] Establish connection with 60 seconds timeout.
[2025-04-07 17:10:43Z INFO GitHubActionsService] Starting operation Location.GetConnectionData
[2025-04-07 17:10:43Z INFO RunnerServer] EstablishVssConnection
[2025-04-07 17:10:43Z INFO RunnerServer] Establish connection with 60 seconds timeout.
[2025-04-07 17:10:43Z INFO GitHubActionsService] Starting operation Location.GetConnectionData
